Increment Time CutbackLevel Converged IterationsNeeded StagIterationsNeeded
           1   2.5000000000000000                0 T           3           2
           2   5.0000000000000000                0 T           2           2
           3   7.5000000000000000                0 T           2           2
           4   10.000000000000000                0 T           2           2
           5   12.500000000000000                0 T           1           2
           6   15.000000000000000                0 T           1           2
           7   17.500000000000000                0 T           1           2
           8   20.000000000000000                0 T           1           2
           9   22.500000000000000                0 T           1           2
          10   25.000000000000000                0 T           1           2
          11   27.500000000000000                0 T           1           2
          12   30.000000000000000                0 T           1           2
          13   32.500000000000000                0 T           1           2
          14   35.000000000000000                0 T           1           2
          15   37.500000000000000                0 T           1           2
          16   40.000000000000000                0 T           1           2
          17   42.500000000000000                0 T           1           2
          18   45.000000000000000                0 T           1           2
          19   47.500000000000000                0 T           1           2
          20   50.000000000000000                0 T           1           2
          21   52.500000000000000                0 T           1           2
          22   55.000000000000000                0 T           1           2
          23   57.500000000000000                0 T           1           2
          24   60.000000000000000                0 T           1           2
          25   62.500000000000000                0 T           1           2
          26   65.000000000000000                0 T           1           2
          27   67.500000000000000                0 T           1           2
          28   70.000000000000000                0 T           1           2
          29   72.500000000000000                0 T           1           2
          30   75.000000000000000                0 T           1           2
          31   77.500000000000000                0 T           1           2
          32   80.000000000000000                0 T           1           2
          33   82.500000000000000                0 T           1           2
          34   85.000000000000000                0 T           1           2
          35   87.500000000000000                0 T           1           2
          36   90.000000000000000                0 T           1           2
          37   92.500000000000000                0 T           1           2
          38   95.000000000000000                0 T           1           2
          39   97.500000000000000                0 T           1           2
          40   100.00000000000000                0 T           1           2
          41   102.50000000000000                0 T           1           2
          42   105.00000000000000                0 T           1           2
          43   107.50000000000000                0 T           1           2
          44   110.00000000000000                0 T           1           2
          45   112.50000000000000                0 T           1           2
          46   115.00000000000000                0 T           1           2
          47   117.50000000000000                0 T           1           2
          48   120.00000000000000                0 T           1           2
          49   122.50000000000000                0 T           1           2
          50   125.00000000000000                0 T           1           2
          51   127.50000000000000                0 T           1           2
          52   130.00000000000000                0 T           1           2
          53   132.50000000000000                0 T           1           2
          54   135.00000000000000                0 T           1           2
          55   137.50000000000000                0 T           1           2
          56   140.00000000000000                0 T           1           2
          57   142.50000000000000                0 T           1           2
          58   145.00000000000000                0 T           1           2
          59   147.50000000000000                0 T           1           2
          60   150.00000000000000                0 T           1           2
          61   152.50000000000000                0 T           1           2
          62   155.00000000000000                0 T           1           2
          63   157.50000000000000                0 T           1           2
          64   160.00000000000000                0 T           1           2
          65   162.50000000000000                0 T           1           2
          66   165.00000000000000                0 T           1           2
          67   167.50000000000000                0 T           1           2
          68   170.00000000000000                0 T           1           2
          69   172.50000000000000                0 T           1           2
          70   175.00000000000000                0 T           1           2
          71   177.50000000000000                0 T           1           2
          72   180.00000000000000                0 T           1           2
          73   182.50000000000000                0 T           1           2
          74   185.00000000000000                0 T           1           2
          75   187.50000000000000                0 T           1           2
          76   190.00000000000000                0 T           1           2
          77   192.50000000000000                0 T           1           2
          78   195.00000000000000                0 T           1           2
          79   197.50000000000000                0 T           1           2
          80   200.00000000000000                0 T           1           2
          81   202.50000000000000                0 T           1           2
          82   205.00000000000000                0 T           1           2
          83   207.50000000000000                0 T           1           2
          84   210.00000000000000                0 T           1           2
          85   212.50000000000000                0 T           1           2
          86   215.00000000000000                0 T           1           2
          87   217.50000000000000                0 T           1           2
          88   220.00000000000000                0 T           1           2
          89   222.50000000000000                0 T           1           2
          90   225.00000000000000                0 T           1           2
          91   227.50000000000000                0 T           1           2
          92   230.00000000000000                0 T           1           2
          93   232.50000000000000                0 T           1           2
          94   235.00000000000000                0 T           1           2
          95   237.50000000000000                0 T           1           2
          96   240.00000000000000                0 T           1           2
          97   242.50000000000000                0 T           1           2
          98   245.00000000000000                0 T           1           2
          99   247.50000000000000                0 T           1           2
         100   250.00000000000000                0 T           1           2
         101   252.50000000000000                0 T           1           2
         102   255.00000000000000                0 T           1           2
         103   257.50000000000000                0 T           1           2
         104   260.00000000000000                0 T           1           2
         105   262.50000000000000                0 T           1           2
         106   265.00000000000000                0 T           1           2
         107   267.50000000000000                0 T           1           2
         108   270.00000000000000                0 T           1           2
         109   272.50000000000000                0 T           1           2
         110   275.00000000000000                0 T           1           2
         111   277.50000000000000                0 T           1           2
         112   280.00000000000000                0 T           1           2
         113   282.50000000000000                0 T           1           2
         114   285.00000000000000                0 T           1           2
         115   287.50000000000000                0 T           1           2
         116   290.00000000000000                0 T           1           2
         117   292.50000000000000                0 T           1           2
         118   295.00000000000000                0 T           1           2
         119   297.50000000000000                0 T           1           2
         120   300.00000000000000                0 T           1           2
         121   302.50000000000000                0 T           1           2
         122   305.00000000000000                0 T           1           2
         123   307.50000000000000                0 T           1           2
         124   310.00000000000000                0 T           1           2
         125   312.50000000000000                0 T           1           2
         126   315.00000000000000                0 T           1           2
         127   317.50000000000000                0 T           1           2
         128   320.00000000000000                0 T           1           2
         129   322.50000000000000                0 T           1           2
         130   325.00000000000000                0 T           1           2
         131   327.50000000000000                0 T           1           2
         132   330.00000000000000                0 T           1           2
         133   332.50000000000000                0 T           1           2
         134   335.00000000000000                0 T           1           2
         135   337.50000000000000                0 T           1           2
         136   340.00000000000000                0 T           1           2
         137   342.50000000000000                0 T           1           2
         138   345.00000000000000                0 T           1           2
         139   347.50000000000000                0 T           1           2
         140   350.00000000000000                0 T           1           2
         141   352.50000000000000                0 T           1           2
         142   355.00000000000000                0 T           1           2
         143   357.50000000000000                0 T           1           2
         144   360.00000000000000                0 T           1           2
         145   362.50000000000000                0 T           1           2
         146   365.00000000000000                0 T           1           2
         147   367.50000000000000                0 T           1           2
         148   370.00000000000000                0 T           1           2
         149   372.50000000000000                0 T           1           2
         150   375.00000000000000                0 T           1           2
         151   377.50000000000000                0 T           1           2
         152   380.00000000000000                0 T           1           2
         153   382.50000000000000                0 T           1           2
         154   385.00000000000000                0 T           1           2
         155   387.50000000000000                0 T           1           2
         156   390.00000000000000                0 T           1           2
         157   392.50000000000000                0 T           1           2
         158   395.00000000000000                0 T           1           2
         159   397.50000000000000                0 T           1           2
         160   400.00000000000000                0 T           1           2
         161   402.50000000000000                0 T           1           2
         162   405.00000000000000                0 T           1           2
         163   407.50000000000000                0 T           1           2
         164   410.00000000000000                0 T           1           2
         165   412.50000000000000                0 T           1           2
         166   415.00000000000000                0 T           1           2
         167   417.50000000000000                0 T           1           2
         168   420.00000000000000                0 T           1           2
         169   422.50000000000000                0 T           1           2
         170   425.00000000000000                0 T           1           2
         171   427.50000000000000                0 T           1           2
         172   430.00000000000000                0 T           1           2
         173   432.50000000000000                0 T           1           2
         174   435.00000000000000                0 T           1           2
         175   437.50000000000000                0 T           1           2
         176   440.00000000000000                0 T           1           2
         177   442.50000000000000                0 T           1           2
         178   445.00000000000000                0 T           1           2
         179   447.50000000000000                0 T           1           2
         180   450.00000000000000                0 T           1           2
         181   452.50000000000000                0 T           1           2
         182   455.00000000000000                0 T           1           2
         183   457.50000000000000                0 T           1           2
         184   460.00000000000000                0 T           1           2
         185   462.50000000000000                0 T           1           2
         186   465.00000000000000                0 T           1           2
         187   467.50000000000000                0 T           1           2
         188   470.00000000000000                0 T           1           2
         189   472.50000000000000                0 T           1           2
         190   475.00000000000000                0 T           1           2
         191   477.50000000000000                0 T           1           2
         192   480.00000000000000                0 T           1           2
         193   482.50000000000000                0 T           1           2
         194   485.00000000000000                0 T           1           2
         195   487.50000000000000                0 T           1           2
         196   490.00000000000000                0 T           1           2
         197   492.50000000000000                0 T           1           2
         198   495.00000000000000                0 T           1           2
         199   497.50000000000000                0 T           1           2
         200   500.00000000000000                0 T           1           2
