Increment Time CutbackLevel Converged IterationsNeeded StagIterationsNeeded
           1   2.5000000000000000                0 T           1           2
           2   5.0000000000000000                0 T           1           2
           3   7.5000000000000000                0 T           1           2
           4   10.000000000000000                0 T           1           2
           5   12.500000000000000                0 T           1           2
           6   15.000000000000000                0 T           1           2
           7   17.500000000000000                0 T           1           2
           8   20.000000000000000                0 T           1           2
           9   22.500000000000000                0 T           1           2
          10   25.000000000000000                0 T           1           2
          11   27.500000000000000                0 T           1           2
          12   30.000000000000000                0 T           1           2
          13   32.500000000000000                0 T           1           2
          14   35.000000000000000                0 T           1           2
          15   37.500000000000000                0 T           1           2
          16   40.000000000000000                0 T           1           2
          17   42.500000000000000                0 T           1           2
          18   45.000000000000000                0 T           1           2
          19   47.500000000000000                0 T           1           2
          20   50.000000000000000                0 T           1           2
          21   52.500000000000000                0 T           1           2
          22   55.000000000000000                0 T           1           2
          23   57.500000000000000                0 T           1           2
          24   60.000000000000000                0 T           1           2
          25   62.500000000000000                0 T           1           2
          26   65.000000000000000                0 T           1           2
          27   67.500000000000000                0 T           1           2
          28   70.000000000000000                0 T           1           2
          29   72.500000000000000                0 T           1           2
          30   75.000000000000000                0 T           1           2
          31   77.500000000000000                0 T           1           2
          32   80.000000000000000                0 T           1           2
          33   82.500000000000000                0 T           1           2
          34   85.000000000000000                0 T           1           2
          35   87.500000000000000                0 T           1           2
          36   90.000000000000000                0 T           1           2
          37   92.500000000000000                0 T           1           2
          38   95.000000000000000                0 T           1           2
          39   97.500000000000000                0 T           1           2
          40   100.00000000000000                0 T           1           2
